Using pre-set license
Built from '2021.3/staging' branch; Version is '2021.3.25f1 (68ef2c4f8861) revision 6876972'; Using compiler version '192829333'; Build Type 'Release'
OS: 'Windows 11  (10.0.22621) 64bit Core' Language: 'en' Physical Memory: 16108 MB
BatchMode: 1, IsHumanControllingUs: 0, StartBugReporterOnCrash: 0, Is64bit: 1, IsPro: 1

COMMAND LINE ARGUMENTS:
C:\Program Files\Unity\Hub\Editor\2021.3.25f1\Editor\Unity.exe
-adb2
-batchMode
-noUpm
-name
AssetImportWorker0
-projectPath
C:/Users/julia/OneDrive/Desktop/MULT150/JDennehy_Hour17
-logFile
Logs/AssetImportWorker0.log
-srvPort
55454
Successfully changed project path to: C:/Users/julia/OneDrive/Desktop/MULT150/JDennehy_Hour17
C:/Users/julia/OneDrive/Desktop/MULT150/JDennehy_Hour17
[UnityMemory] Configuration Parameters - Can be set up in boot.config
    "memorysetup-bucket-allocator-granularity=16"
    "memorysetup-bucket-allocator-bucket-count=8"
    "memorysetup-bucket-allocator-block-size=33554432"
    "memorysetup-bucket-allocator-block-count=8"
    "memorysetup-main-allocator-block-size=16777216"
    "memorysetup-thread-allocator-block-size=16777216"
    "memorysetup-gfx-main-allocator-block-size=16777216"
    "memorysetup-gfx-thread-allocator-block-size=16777216"
    "memorysetup-cache-allocator-block-size=4194304"
    "memorysetup-typetree-allocator-block-size=2097152"
    "memorysetup-profiler-bucket-allocator-granularity=16"
    "memorysetup-profiler-bucket-allocator-bucket-count=8"
    "memorysetup-profiler-bucket-allocator-block-size=33554432"
    "memorysetup-profiler-bucket-allocator-block-count=8"
    "memorysetup-profiler-allocator-block-size=16777216"
    "memorysetup-profiler-editor-allocator-block-size=1048576"
    "memorysetup-temp-allocator-size-main=16777216"
    "memorysetup-job-temp-allocator-block-size=2097152"
    "memorysetup-job-temp-allocator-block-size-background=1048576"
    "memorysetup-job-temp-allocator-reduction-small-platforms=262144"
    "memorysetup-temp-allocator-size-background-worker=32768"
    "memorysetup-temp-allocator-size-job-worker=262144"
    "memorysetup-temp-allocator-size-preload-manager=33554432"
    "memorysetup-temp-allocator-size-nav-mesh-worker=65536"
    "memorysetup-temp-allocator-size-audio-worker=65536"
    "memorysetup-temp-allocator-size-cloud-worker=32768"
    "memorysetup-temp-allocator-size-gi-baking-worker=262144"
    "memorysetup-temp-allocator-size-gfx=262144"
Player connection [23364] Host "[IP] 192.168.1.251 [Port] 0 [Flags] 2 [Guid] 622127612 [EditorId] 622127612 [Version] 1048832 [Id] WindowsEditor(7,Julia-Lenovo) [Debug] 1 [PackageName] WindowsEditor [ProjectName] Editor" joined multi-casting on [225.0.0.222:54997]...

Player connection [23364] Host "[IP] 192.168.1.251 [Port] 0 [Flags] 2 [Guid] 622127612 [EditorId] 622127612 [Version] 1048832 [Id] WindowsEditor(7,Julia-Lenovo) [Debug] 1 [PackageName] WindowsEditor [ProjectName] Editor" joined alternative multi-casting on [225.0.0.222:34997]...

Refreshing native plugins compatible for Editor in 188.00 ms, found 3 plugins.
Preloading 0 native plugins for Editor in 0.00 ms.
Initialize engine version: 2021.3.25f1 (68ef2c4f8861)
[Subsystems] Discovering subsystems at path C:/Program Files/Unity/Hub/Editor/2021.3.25f1/Editor/Data/Resources/UnitySubsystems
[Subsystems] Discovering subsystems at path C:/Users/julia/OneDrive/Desktop/MULT150/JDennehy_Hour17/Assets
GfxDevice: creating device client; threaded=0; jobified=0
Direct3D:
    Version:  Direct3D 11.0 [level 11.1]
    Renderer: Intel(R) Iris(R) Xe Graphics (ID=0xa7a1)
    Vendor:   Intel
    VRAM:     8054 MB
    Driver:   31.0.101.4953
Initialize mono
Mono path[0] = 'C:/Program Files/Unity/Hub/Editor/2021.3.25f1/Editor/Data/Managed'
Mono path[1] = 'C:/Program Files/Unity/Hub/Editor/2021.3.25f1/Editor/Data/MonoBleedingEdge/lib/mono/unityjit-win32'
Mono config path = 'C:/Program Files/Unity/Hub/Editor/2021.3.25f1/Editor/Data/MonoBleedingEdge/etc'
Using monoOptions --debugger-agent=transport=dt_socket,embedding=1,server=y,suspend=n,address=127.0.0.1:56152
Begin MonoManager ReloadAssembly
Registering precompiled unity dll's ...
Register platform support module: C:/Program Files/Unity/Hub/Editor/2021.3.25f1/Editor/Data/PlaybackEngines/WindowsStandaloneSupport/UnityEditor.WindowsStandalone.Extensions.dll
Registered in 0.013214 seconds.
Native extension for WindowsStandalone target not found
Refreshing native plugins compatible for Editor in 166.24 ms, found 3 plugins.
Preloading 0 native plugins for Editor in 0.00 ms.
Mono: successfully reloaded assembly
- Completed reload, in  1.366 seconds
Domain Reload Profiling:
	ReloadAssembly (1367ms)
		BeginReloadAssembly (155ms)
			ExecutionOrderSort (0ms)
			DisableScriptedObjects (0ms)
			BackupInstance (0ms)
			ReleaseScriptingObjects (0ms)
			CreateAndSetChildDomain (1ms)
		EndReloadAssembly (1016ms)
			LoadAssemblies (151ms)
			RebuildTransferFunctionScriptingTraits (0ms)
			SetupTypeCache (206ms)
			ReleaseScriptCaches (0ms)
			RebuildScriptCaches (60ms)
			SetupLoadedEditorAssemblies (642ms)
				LogAssemblyErrors (0ms)
				InitializePlatformSupportModulesInManaged (20ms)
				SetLoadedEditorAssemblies (0ms)
				RefreshPlugins (166ms)
				BeforeProcessingInitializeOnLoad (3ms)
				ProcessInitializeOnLoadAttributes (339ms)
				ProcessInitializeOnLoadMethodAttributes (113ms)
				AfterProcessingInitializeOnLoad (0ms)
				EditorAssembliesLoaded (1ms)
			ExecutionOrderSort2 (0ms)
			AwakeInstancesAfterBackupRestoration (0ms)
Platform modules already initialized, skipping
Registering precompiled user dll's ...
Registered in 0.013245 seconds.
Begin MonoManager ReloadAssembly
Symbol file LoadedFromMemory doesn't match image C:\Users\julia\OneDrive\Desktop\MULT150\JDennehy_Hour17\Library\PackageCache\com.unity.visualscripting@1.8.0\Editor\VisualScripting.Core\Dependencies\YamlDotNet\Unity.VisualScripting.YamlDotNet.dll
Symbol file LoadedFromMemory doesn't match image C:\Users\julia\OneDrive\Desktop\MULT150\JDennehy_Hour17\Library\PackageCache\com.unity.visualscripting@1.8.0\Editor\VisualScripting.Core\Dependencies\DotNetZip\Unity.VisualScripting.IonicZip.dll
Native extension for WindowsStandalone target not found
Refreshing native plugins compatible for Editor in 0.72 ms, found 3 plugins.
Preloading 0 native plugins for Editor in 0.00 ms.
Mono: successfully reloaded assembly
- Completed reload, in  1.392 seconds
Domain Reload Profiling:
	ReloadAssembly (1393ms)
		BeginReloadAssembly (179ms)
			ExecutionOrderSort (0ms)
			DisableScriptedObjects (9ms)
			BackupInstance (0ms)
			ReleaseScriptingObjects (0ms)
			CreateAndSetChildDomain (29ms)
		EndReloadAssembly (1043ms)
			LoadAssemblies (132ms)
			RebuildTransferFunctionScriptingTraits (0ms)
			SetupTypeCache (382ms)
			ReleaseScriptCaches (1ms)
			RebuildScriptCaches (57ms)
			SetupLoadedEditorAssemblies (428ms)
				LogAssemblyErrors (0ms)
				InitializePlatformSupportModulesInManaged (7ms)
				SetLoadedEditorAssemblies (1ms)
				RefreshPlugins (1ms)
				BeforeProcessingInitializeOnLoad (96ms)
				ProcessInitializeOnLoadAttributes (282ms)
				ProcessInitializeOnLoadMethodAttributes (28ms)
				AfterProcessingInitializeOnLoad (13ms)
				EditorAssembliesLoaded (0ms)
			ExecutionOrderSort2 (0ms)
			AwakeInstancesAfterBackupRestoration (14ms)
Platform modules already initialized, skipping
========================================================================
Worker process is ready to serve import requests
Launched and connected shader compiler UnityShaderCompiler.exe after 0.07 seconds
Refreshing native plugins compatible for Editor in 0.70 ms, found 3 plugins.
Preloading 0 native plugins for Editor in 0.00 ms.
Unloading 3049 Unused Serialized files (Serialized files now loaded: 0)
Unloading 22 unused Assets / (56.2 KB). Loaded Objects now: 3511.
Memory consumption went from 107.5 MB to 107.5 MB.
Total: 4.549300 ms (FindLiveObjects: 0.332800 ms CreateObjectMapping: 0.114800 ms MarkObjects: 3.962600 ms  DeleteObjects: 0.137200 ms)

AssetImportParameters requested are different than current active one (requested -> active):
  custom:video-decoder-ogg-theora: a1e56fd34408186e4bbccfd4996cb3dc -> 
  custom:container-muxer-webm: aa71ff27fc2769a1b78a27578f13a17b -> 
  custom:container-demuxer-webm: 4f35f7cbe854078d1ac9338744f61a02 -> 
  custom:video-encoder-webm-vp8: eb34c28f22e8b96e1ab97ce403110664 -> 
  custom:video-codec-MediaFoundation-h265: 746d11721c4dcdbdad8f713fa42b33f4 -> 
  custom:audio-encoder-webm-vorbis: bf7c407c2cedff20999df2af8eb42d56 -> 
  custom:framework-win-MediaFoundation: 216162199b28c13a410421893ffa2e32 -> 
  custom:container-demuxer-ogg: 62fdf1f143b41e24485cea50d1cbac27 -> 
  custom:video-decoder-webm-vp8: 9c59270c3fd7afecdb556c50c9e8de78 -> 
  custom:audio-decoder-ogg-vorbis: bf7c407c2cedff20999df2af8eb42d56 -> 
========================================================================
Received Import Request.
  Time since last request: 115858.998711 seconds.
  path: Assets/Scenes/JDennehy_Animation.unity
  artifactKey: Guid(bfe07455109f87c49bc3e61b716f9347) Importer(815301076,1909f56bfc062723c751e8b465ee728b)
Start importing Assets/Scenes/JDennehy_Animation.unity using Guid(bfe07455109f87c49bc3e61b716f9347) Importer(815301076,1909f56bfc062723c751e8b465ee728b)  -> (artifact id: 'fcb6030a83c82039161e3d8179cf6ba6') in 0.029459 seconds 
========================================================================
Received Import Request.
  Time since last request: 28.639110 seconds.
  path: Assets/Scenes/TryItYourSelf.unity
  artifactKey: Guid(3b8e6084681a66d449581d278ae00af4) Importer(815301076,1909f56bfc062723c751e8b465ee728b)
Start importing Assets/Scenes/TryItYourSelf.unity using Guid(3b8e6084681a66d449581d278ae00af4) Importer(815301076,1909f56bfc062723c751e8b465ee728b)  -> (artifact id: '9e8e86d8ebbda9a1f43a27eb2588c7a8') in 0.023979 seconds 
========================================================================
Received Import Request.
  Time since last request: 250.233025 seconds.
  path: Assets/Scenes/Cube.controller
  artifactKey: Guid(728944b8ad8a23e4d81f729701e88db3) Importer(815301076,1909f56bfc062723c751e8b465ee728b)
Start importing Assets/Scenes/Cube.controller using Guid(728944b8ad8a23e4d81f729701e88db3) Importer(815301076,1909f56bfc062723c751e8b465ee728b)  -> (artifact id: '42bd76d32d004bb4c01f2005206c2764') in 0.102924 seconds 
========================================================================
Received Import Request.
  Time since last request: 3.469549 seconds.
  path: Assets/Scenes/Cube.controller
  artifactKey: Guid(728944b8ad8a23e4d81f729701e88db3) Importer(815301076,1909f56bfc062723c751e8b465ee728b)
Start importing Assets/Scenes/Cube.controller using Guid(728944b8ad8a23e4d81f729701e88db3) Importer(815301076,1909f56bfc062723c751e8b465ee728b)  -> (artifact id: 'f7157ddfac94bd14deb11da4f12c78ea') in 0.136345 seconds 
========================================================================
Received Import Request.
  Time since last request: 4.494435 seconds.
  path: Assets/Scenes/ObjectSpinAnim.anim
  artifactKey: Guid(372e6a48773e5654fbb9ec51b40800cd) Importer(815301076,1909f56bfc062723c751e8b465ee728b)
Start importing Assets/Scenes/ObjectSpinAnim.anim using Guid(372e6a48773e5654fbb9ec51b40800cd) Importer(815301076,1909f56bfc062723c751e8b465ee728b)  -> (artifact id: '9ce74b092d5f51dde3ade0d2e72ca816') in 0.053798 seconds 
========================================================================
Received Import Request.
  Time since last request: 206.159813 seconds.
  path: Assets/Scenes/CubeColour.mat
  artifactKey: Guid(d6d5010fa895f194c843cc41d8da9c0b) Importer(815301076,1909f56bfc062723c751e8b465ee728b)
Start importing Assets/Scenes/CubeColour.mat using Guid(d6d5010fa895f194c843cc41d8da9c0b) Importer(815301076,1909f56bfc062723c751e8b465ee728b)  -> (artifact id: '29c36703dca211843776d09538525785') in 0.423789 seconds 
========================================================================
Received Import Request.
  Time since last request: 488.293281 seconds.
  path: Assets/Scenes/RotateRecolourAnim.anim
  artifactKey: Guid(ceb8ccd4ec87f444da0c01442c3e3f30) Importer(815301076,1909f56bfc062723c751e8b465ee728b)
Start importing Assets/Scenes/RotateRecolourAnim.anim using Guid(ceb8ccd4ec87f444da0c01442c3e3f30) Importer(815301076,1909f56bfc062723c751e8b465ee728b)  -> (artifact id: '8bc653a0ae77a4b22bb428bf3a690d79') in 0.039657 seconds 
========================================================================
Received Import Request.
  Time since last request: 132.005835 seconds.
  path: Assets/Scenes/New Animator Controller.controller
  artifactKey: Guid(13b4e7915fda94b42ad4c9e863f84c4a) Importer(815301076,1909f56bfc062723c751e8b465ee728b)
Start importing Assets/Scenes/New Animator Controller.controller using Guid(13b4e7915fda94b42ad4c9e863f84c4a) Importer(815301076,1909f56bfc062723c751e8b465ee728b)  -> (artifact id: '3d4e6b90d8b45b21024d6096b502ee3e') in 0.035414 seconds 
========================================================================
Received Import Request.
  Time since last request: 35.116771 seconds.
  path: Assets/Scenes/NewCubeAnimator.controller
  artifactKey: Guid(8c8cc1573e6b23e49b88e14a18b3dafd) Importer(815301076,1909f56bfc062723c751e8b465ee728b)
Start importing Assets/Scenes/NewCubeAnimator.controller using Guid(8c8cc1573e6b23e49b88e14a18b3dafd) Importer(815301076,1909f56bfc062723c751e8b465ee728b)  -> (artifact id: '2f4d615a6c2d37c602a66e17d261ffc9') in 0.043679 seconds 
========================================================================
Received Import Request.
  Time since last request: 73.046074 seconds.
  path: Assets/Scenes/RotateRecolourAnim 1.anim
  artifactKey: Guid(1e2005d6c49f6124ab24a383d518e6fa) Importer(815301076,1909f56bfc062723c751e8b465ee728b)
Start importing Assets/Scenes/RotateRecolourAnim 1.anim using Guid(1e2005d6c49f6124ab24a383d518e6fa) Importer(815301076,1909f56bfc062723c751e8b465ee728b)  -> (artifact id: '66ee81c04b0abd16a37a514716c5a479') in 0.032452 seconds 
========================================================================
Received Import Request.
  Time since last request: 10.983080 seconds.
  path: Assets/Scenes/ROTATEAnim.anim
  artifactKey: Guid(1e2005d6c49f6124ab24a383d518e6fa) Importer(815301076,1909f56bfc062723c751e8b465ee728b)
Start importing Assets/Scenes/ROTATEAnim.anim using Guid(1e2005d6c49f6124ab24a383d518e6fa) Importer(815301076,1909f56bfc062723c751e8b465ee728b)  -> (artifact id: 'f0a5c01c23b264bd73799d884e60fa51') in 0.026451 seconds 
========================================================================
Received Import Request.
  Time since last request: 4.766755 seconds.
  path: Assets/Scenes/RotateRecolourAnim.anim
  artifactKey: Guid(ceb8ccd4ec87f444da0c01442c3e3f30) Importer(815301076,1909f56bfc062723c751e8b465ee728b)
Start importing Assets/Scenes/RotateRecolourAnim.anim using Guid(ceb8ccd4ec87f444da0c01442c3e3f30) Importer(815301076,1909f56bfc062723c751e8b465ee728b)  -> (artifact id: '7ef79c4be7a001bb4be5d92582ecd52d') in 0.042729 seconds 
========================================================================
Received Import Request.
  Time since last request: 14.384722 seconds.
  path: Assets/Scenes/RecolourAnim.anim
  artifactKey: Guid(ceb8ccd4ec87f444da0c01442c3e3f30) Importer(815301076,1909f56bfc062723c751e8b465ee728b)
Start importing Assets/Scenes/RecolourAnim.anim using Guid(ceb8ccd4ec87f444da0c01442c3e3f30) Importer(815301076,1909f56bfc062723c751e8b465ee728b)  -> (artifact id: 'b92bd302d07e8da553fb2dfc8aed6683') in 0.033958 seconds 
========================================================================
Received Import Request.
  Time since last request: 9.288320 seconds.
  path: Assets/Scenes/RotateAnim.anim
  artifactKey: Guid(1e2005d6c49f6124ab24a383d518e6fa) Importer(815301076,1909f56bfc062723c751e8b465ee728b)
Start importing Assets/Scenes/RotateAnim.anim using Guid(1e2005d6c49f6124ab24a383d518e6fa) Importer(815301076,1909f56bfc062723c751e8b465ee728b)  -> (artifact id: '0335e400df40b7f4fc307f0f0ae013f9') in 0.021558 seconds 
========================================================================
Received Import Request.
  Time since last request: 95.964703 seconds.
  path: Assets/Scenes/NewCubeAnimator.controller
  artifactKey: Guid(8c8cc1573e6b23e49b88e14a18b3dafd) Importer(815301076,1909f56bfc062723c751e8b465ee728b)
Start importing Assets/Scenes/NewCubeAnimator.controller using Guid(8c8cc1573e6b23e49b88e14a18b3dafd) Importer(815301076,1909f56bfc062723c751e8b465ee728b)  -> (artifact id: 'fe067a712dcfba8a392e9736b08882cb') in 0.016639 seconds 
========================================================================
Received Import Request.
  Time since last request: 331.991750 seconds.
  path: Assets/Scenes/CubeController.cs
  artifactKey: Guid(24d2d4b8648c9734395c96b9e6d51ff9) Importer(815301076,1909f56bfc062723c751e8b465ee728b)
Start importing Assets/Scenes/CubeController.cs using Guid(24d2d4b8648c9734395c96b9e6d51ff9) Importer(815301076,1909f56bfc062723c751e8b465ee728b)  -> (artifact id: '9833b14ce08941aaa896e7def5bdb2bd') in 0.058681 seconds 
========================================================================
Received Prepare
Registering precompiled user dll's ...
Registered in 0.010615 seconds.
Begin MonoManager ReloadAssembly
Symbol file LoadedFromMemory doesn't match image C:\Users\julia\OneDrive\Desktop\MULT150\JDennehy_Hour17\Library\PackageCache\com.unity.visualscripting@1.8.0\Editor\VisualScripting.Core\Dependencies\YamlDotNet\Unity.VisualScripting.YamlDotNet.dll
Symbol file LoadedFromMemory doesn't match image C:\Users\julia\OneDrive\Desktop\MULT150\JDennehy_Hour17\Library\PackageCache\com.unity.visualscripting@1.8.0\Editor\VisualScripting.Core\Dependencies\DotNetZip\Unity.VisualScripting.IonicZip.dll
Native extension for WindowsStandalone target not found
Refreshing native plugins compatible for Editor in 1.14 ms, found 3 plugins.
Preloading 0 native plugins for Editor in 0.00 ms.
Mono: successfully reloaded assembly
- Completed reload, in  1.835 seconds
Domain Reload Profiling:
	ReloadAssembly (1836ms)
		BeginReloadAssembly (311ms)
			ExecutionOrderSort (0ms)
			DisableScriptedObjects (9ms)
			BackupInstance (0ms)
			ReleaseScriptingObjects (0ms)
			CreateAndSetChildDomain (80ms)
		EndReloadAssembly (1347ms)
			LoadAssemblies (178ms)
			RebuildTransferFunctionScriptingTraits (0ms)
			SetupTypeCache (449ms)
			ReleaseScriptCaches (2ms)
			RebuildScriptCaches (78ms)
			SetupLoadedEditorAssemblies (562ms)
				LogAssemblyErrors (0ms)
				InitializePlatformSupportModulesInManaged (13ms)
				SetLoadedEditorAssemblies (1ms)
				RefreshPlugins (1ms)
				BeforeProcessingInitializeOnLoad (113ms)
				ProcessInitializeOnLoadAttributes (380ms)
				ProcessInitializeOnLoadMethodAttributes (38ms)
				AfterProcessingInitializeOnLoad (16ms)
				EditorAssembliesLoaded (0ms)
			ExecutionOrderSort2 (0ms)
			AwakeInstancesAfterBackupRestoration (15ms)
Platform modules already initialized, skipping
Refreshing native plugins compatible for Editor in 4.66 ms, found 3 plugins.
Preloading 0 native plugins for Editor in 0.00 ms.
Unloading 3043 Unused Serialized files (Serialized files now loaded: 0)
Unloading 15 unused Assets / (24.7 KB). Loaded Objects now: 3556.
Memory consumption went from 111.9 MB to 111.9 MB.
Total: 6.827700 ms (FindLiveObjects: 0.369300 ms CreateObjectMapping: 0.134000 ms MarkObjects: 6.229700 ms  DeleteObjects: 0.090500 ms)

AssetImportParameters requested are different than current active one (requested -> active):
  custom:video-decoder-ogg-theora: a1e56fd34408186e4bbccfd4996cb3dc -> 
  custom:container-muxer-webm: aa71ff27fc2769a1b78a27578f13a17b -> 
  custom:container-demuxer-webm: 4f35f7cbe854078d1ac9338744f61a02 -> 
  custom:video-encoder-webm-vp8: eb34c28f22e8b96e1ab97ce403110664 -> 
  custom:video-codec-MediaFoundation-h265: 746d11721c4dcdbdad8f713fa42b33f4 -> 
  custom:audio-encoder-webm-vorbis: bf7c407c2cedff20999df2af8eb42d56 -> 
  custom:framework-win-MediaFoundation: 216162199b28c13a410421893ffa2e32 -> 
  custom:container-demuxer-ogg: 62fdf1f143b41e24485cea50d1cbac27 -> 
  custom:video-decoder-webm-vp8: 9c59270c3fd7afecdb556c50c9e8de78 -> 
  custom:audio-decoder-ogg-vorbis: bf7c407c2cedff20999df2af8eb42d56 -> 
========================================================================
Received Import Request.
  Time since last request: 144.257928 seconds.
  path: Assets/Scenes/CubeController.cs
  artifactKey: Guid(24d2d4b8648c9734395c96b9e6d51ff9) Importer(815301076,1909f56bfc062723c751e8b465ee728b)
Start importing Assets/Scenes/CubeController.cs using Guid(24d2d4b8648c9734395c96b9e6d51ff9) Importer(815301076,1909f56bfc062723c751e8b465ee728b)  -> (artifact id: 'c65868caf40b911ff8711ae551a5ce10') in 0.156604 seconds 
========================================================================
Received Prepare
Registering precompiled user dll's ...
Registered in 0.010308 seconds.
Begin MonoManager ReloadAssembly
Symbol file LoadedFromMemory doesn't match image C:\Users\julia\OneDrive\Desktop\MULT150\JDennehy_Hour17\Library\PackageCache\com.unity.visualscripting@1.8.0\Editor\VisualScripting.Core\Dependencies\YamlDotNet\Unity.VisualScripting.YamlDotNet.dll
Symbol file LoadedFromMemory doesn't match image C:\Users\julia\OneDrive\Desktop\MULT150\JDennehy_Hour17\Library\PackageCache\com.unity.visualscripting@1.8.0\Editor\VisualScripting.Core\Dependencies\DotNetZip\Unity.VisualScripting.IonicZip.dll
Native extension for WindowsStandalone target not found
Refreshing native plugins compatible for Editor in 1.05 ms, found 3 plugins.
Preloading 0 native plugins for Editor in 0.00 ms.
Mono: successfully reloaded assembly
- Completed reload, in  2.436 seconds
Domain Reload Profiling:
	ReloadAssembly (2437ms)
		BeginReloadAssembly (303ms)
			ExecutionOrderSort (0ms)
			DisableScriptedObjects (13ms)
			BackupInstance (0ms)
			ReleaseScriptingObjects (0ms)
			CreateAndSetChildDomain (78ms)
		EndReloadAssembly (1891ms)
			LoadAssemblies (198ms)
			RebuildTransferFunctionScriptingTraits (0ms)
			SetupTypeCache (548ms)
			ReleaseScriptCaches (3ms)
			RebuildScriptCaches (78ms)
			SetupLoadedEditorAssemblies (843ms)
				LogAssemblyErrors (0ms)
				InitializePlatformSupportModulesInManaged (11ms)
				SetLoadedEditorAssemblies (1ms)
				RefreshPlugins (1ms)
				BeforeProcessingInitializeOnLoad (203ms)
				ProcessInitializeOnLoadAttributes (524ms)
				ProcessInitializeOnLoadMethodAttributes (58ms)
				AfterProcessingInitializeOnLoad (44ms)
				EditorAssembliesLoaded (1ms)
			ExecutionOrderSort2 (0ms)
			AwakeInstancesAfterBackupRestoration (39ms)
Platform modules already initialized, skipping
Refreshing native plugins compatible for Editor in 4.02 ms, found 3 plugins.
Preloading 0 native plugins for Editor in 0.00 ms.
Unloading 3043 Unused Serialized files (Serialized files now loaded: 0)
Unloading 15 unused Assets / (24.7 KB). Loaded Objects now: 3559.
Memory consumption went from 111.9 MB to 111.9 MB.
Total: 7.701600 ms (FindLiveObjects: 0.354700 ms CreateObjectMapping: 0.103600 ms MarkObjects: 7.169000 ms  DeleteObjects: 0.070900 ms)

AssetImportParameters requested are different than current active one (requested -> active):
  custom:video-decoder-ogg-theora: a1e56fd34408186e4bbccfd4996cb3dc -> 
  custom:container-muxer-webm: aa71ff27fc2769a1b78a27578f13a17b -> 
  custom:container-demuxer-webm: 4f35f7cbe854078d1ac9338744f61a02 -> 
  custom:video-encoder-webm-vp8: eb34c28f22e8b96e1ab97ce403110664 -> 
  custom:video-codec-MediaFoundation-h265: 746d11721c4dcdbdad8f713fa42b33f4 -> 
  custom:audio-encoder-webm-vorbis: bf7c407c2cedff20999df2af8eb42d56 -> 
  custom:framework-win-MediaFoundation: 216162199b28c13a410421893ffa2e32 -> 
  custom:container-demuxer-ogg: 62fdf1f143b41e24485cea50d1cbac27 -> 
  custom:video-decoder-webm-vp8: 9c59270c3fd7afecdb556c50c9e8de78 -> 
  custom:audio-decoder-ogg-vorbis: bf7c407c2cedff20999df2af8eb42d56 -> 
========================================================================
Received Import Request.
  Time since last request: 57.097001 seconds.
  path: Assets/Scenes/CubeController.cs
  artifactKey: Guid(24d2d4b8648c9734395c96b9e6d51ff9) Importer(815301076,1909f56bfc062723c751e8b465ee728b)
Start importing Assets/Scenes/CubeController.cs using Guid(24d2d4b8648c9734395c96b9e6d51ff9) Importer(815301076,1909f56bfc062723c751e8b465ee728b)  -> (artifact id: '1ded43206d4b82d15ca389330fa89594') in 0.013852 seconds 
========================================================================
Received Prepare
Registering precompiled user dll's ...
Registered in 0.009262 seconds.
Begin MonoManager ReloadAssembly
Symbol file LoadedFromMemory doesn't match image C:\Users\julia\OneDrive\Desktop\MULT150\JDennehy_Hour17\Library\PackageCache\com.unity.visualscripting@1.8.0\Editor\VisualScripting.Core\Dependencies\YamlDotNet\Unity.VisualScripting.YamlDotNet.dll
Symbol file LoadedFromMemory doesn't match image C:\Users\julia\OneDrive\Desktop\MULT150\JDennehy_Hour17\Library\PackageCache\com.unity.visualscripting@1.8.0\Editor\VisualScripting.Core\Dependencies\DotNetZip\Unity.VisualScripting.IonicZip.dll
Native extension for WindowsStandalone target not found
Refreshing native plugins compatible for Editor in 0.93 ms, found 3 plugins.
Preloading 0 native plugins for Editor in 0.00 ms.
Mono: successfully reloaded assembly
- Completed reload, in  1.871 seconds
Domain Reload Profiling:
	ReloadAssembly (1873ms)
		BeginReloadAssembly (238ms)
			ExecutionOrderSort (0ms)
			DisableScriptedObjects (10ms)
			BackupInstance (0ms)
			ReleaseScriptingObjects (0ms)
			CreateAndSetChildDomain (62ms)
		EndReloadAssembly (1495ms)
			LoadAssemblies (133ms)
			RebuildTransferFunctionScriptingTraits (0ms)
			SetupTypeCache (558ms)
			ReleaseScriptCaches (2ms)
			RebuildScriptCaches (73ms)
			SetupLoadedEditorAssemblies (621ms)
				LogAssemblyErrors (0ms)
				InitializePlatformSupportModulesInManaged (13ms)
				SetLoadedEditorAssemblies (2ms)
				RefreshPlugins (1ms)
				BeforeProcessingInitializeOnLoad (120ms)
				ProcessInitializeOnLoadAttributes (427ms)
				ProcessInitializeOnLoadMethodAttributes (37ms)
				AfterProcessingInitializeOnLoad (20ms)
				EditorAssembliesLoaded (0ms)
			ExecutionOrderSort2 (0ms)
			AwakeInstancesAfterBackupRestoration (11ms)
Platform modules already initialized, skipping
Refreshing native plugins compatible for Editor in 2.93 ms, found 3 plugins.
Preloading 0 native plugins for Editor in 0.00 ms.
Unloading 3043 Unused Serialized files (Serialized files now loaded: 0)
Unloading 15 unused Assets / (24.6 KB). Loaded Objects now: 3562.
Memory consumption went from 111.9 MB to 111.9 MB.
Total: 4.983400 ms (FindLiveObjects: 0.240600 ms CreateObjectMapping: 0.173100 ms MarkObjects: 4.529000 ms  DeleteObjects: 0.038600 ms)

AssetImportParameters requested are different than current active one (requested -> active):
  custom:video-decoder-ogg-theora: a1e56fd34408186e4bbccfd4996cb3dc -> 
  custom:container-muxer-webm: aa71ff27fc2769a1b78a27578f13a17b -> 
  custom:container-demuxer-webm: 4f35f7cbe854078d1ac9338744f61a02 -> 
  custom:video-encoder-webm-vp8: eb34c28f22e8b96e1ab97ce403110664 -> 
  custom:video-codec-MediaFoundation-h265: 746d11721c4dcdbdad8f713fa42b33f4 -> 
  custom:audio-encoder-webm-vorbis: bf7c407c2cedff20999df2af8eb42d56 -> 
  custom:framework-win-MediaFoundation: 216162199b28c13a410421893ffa2e32 -> 
  custom:container-demuxer-ogg: 62fdf1f143b41e24485cea50d1cbac27 -> 
  custom:video-decoder-webm-vp8: 9c59270c3fd7afecdb556c50c9e8de78 -> 
  custom:audio-decoder-ogg-vorbis: bf7c407c2cedff20999df2af8eb42d56 -> 
========================================================================
Received Prepare
Registering precompiled user dll's ...
Registered in 0.012918 seconds.
Begin MonoManager ReloadAssembly
Symbol file LoadedFromMemory doesn't match image C:\Users\julia\OneDrive\Desktop\MULT150\JDennehy_Hour17\Library\PackageCache\com.unity.visualscripting@1.8.0\Editor\VisualScripting.Core\Dependencies\YamlDotNet\Unity.VisualScripting.YamlDotNet.dll
Symbol file LoadedFromMemory doesn't match image C:\Users\julia\OneDrive\Desktop\MULT150\JDennehy_Hour17\Library\PackageCache\com.unity.visualscripting@1.8.0\Editor\VisualScripting.Core\Dependencies\DotNetZip\Unity.VisualScripting.IonicZip.dll
Native extension for WindowsStandalone target not found
Refreshing native plugins compatible for Editor in 0.92 ms, found 3 plugins.
Preloading 0 native plugins for Editor in 0.00 ms.
Mono: successfully reloaded assembly
- Completed reload, in  1.734 seconds
Domain Reload Profiling:
	ReloadAssembly (1735ms)
		BeginReloadAssembly (260ms)
			ExecutionOrderSort (0ms)
			DisableScriptedObjects (13ms)
			BackupInstance (0ms)
			ReleaseScriptingObjects (0ms)
			CreateAndSetChildDomain (63ms)
		EndReloadAssembly (1282ms)
			LoadAssemblies (159ms)
			RebuildTransferFunctionScriptingTraits (0ms)
			SetupTypeCache (456ms)
			ReleaseScriptCaches (3ms)
			RebuildScriptCaches (98ms)
			SetupLoadedEditorAssemblies (513ms)
				LogAssemblyErrors (0ms)
				InitializePlatformSupportModulesInManaged (10ms)
				SetLoadedEditorAssemblies (1ms)
				RefreshPlugins (1ms)
				BeforeProcessingInitializeOnLoad (105ms)
				ProcessInitializeOnLoadAttributes (359ms)
				ProcessInitializeOnLoadMethodAttributes (24ms)
				AfterProcessingInitializeOnLoad (13ms)
				EditorAssembliesLoaded (0ms)
			ExecutionOrderSort2 (0ms)
			AwakeInstancesAfterBackupRestoration (12ms)
Platform modules already initialized, skipping
Refreshing native plugins compatible for Editor in 2.76 ms, found 3 plugins.
Preloading 0 native plugins for Editor in 0.00 ms.
Unloading 3043 Unused Serialized files (Serialized files now loaded: 0)
Unloading 15 unused Assets / (24.6 KB). Loaded Objects now: 3565.
Memory consumption went from 111.9 MB to 111.9 MB.
Total: 4.295400 ms (FindLiveObjects: 0.370600 ms CreateObjectMapping: 0.113100 ms MarkObjects: 3.769200 ms  DeleteObjects: 0.039900 ms)

AssetImportParameters requested are different than current active one (requested -> active):
  custom:video-decoder-ogg-theora: a1e56fd34408186e4bbccfd4996cb3dc -> 
  custom:container-muxer-webm: aa71ff27fc2769a1b78a27578f13a17b -> 
  custom:container-demuxer-webm: 4f35f7cbe854078d1ac9338744f61a02 -> 
  custom:video-encoder-webm-vp8: eb34c28f22e8b96e1ab97ce403110664 -> 
  custom:video-codec-MediaFoundation-h265: 746d11721c4dcdbdad8f713fa42b33f4 -> 
  custom:audio-encoder-webm-vorbis: bf7c407c2cedff20999df2af8eb42d56 -> 
  custom:framework-win-MediaFoundation: 216162199b28c13a410421893ffa2e32 -> 
  custom:container-demuxer-ogg: 62fdf1f143b41e24485cea50d1cbac27 -> 
  custom:video-decoder-webm-vp8: 9c59270c3fd7afecdb556c50c9e8de78 -> 
  custom:audio-decoder-ogg-vorbis: bf7c407c2cedff20999df2af8eb42d56 -> 
========================================================================
Received Prepare
Registering precompiled user dll's ...
Registered in 0.012932 seconds.
Begin MonoManager ReloadAssembly
Symbol file LoadedFromMemory doesn't match image C:\Users\julia\OneDrive\Desktop\MULT150\JDennehy_Hour17\Library\PackageCache\com.unity.visualscripting@1.8.0\Editor\VisualScripting.Core\Dependencies\YamlDotNet\Unity.VisualScripting.YamlDotNet.dll
Symbol file LoadedFromMemory doesn't match image C:\Users\julia\OneDrive\Desktop\MULT150\JDennehy_Hour17\Library\PackageCache\com.unity.visualscripting@1.8.0\Editor\VisualScripting.Core\Dependencies\DotNetZip\Unity.VisualScripting.IonicZip.dll
Native extension for WindowsStandalone target not found
Refreshing native plugins compatible for Editor in 0.72 ms, found 3 plugins.
Preloading 0 native plugins for Editor in 0.00 ms.
Mono: successfully reloaded assembly
- Completed reload, in  1.744 seconds
Domain Reload Profiling:
	ReloadAssembly (1745ms)
		BeginReloadAssembly (201ms)
			ExecutionOrderSort (0ms)
			DisableScriptedObjects (7ms)
			BackupInstance (0ms)
			ReleaseScriptingObjects (0ms)
			CreateAndSetChildDomain (45ms)
		EndReloadAssembly (1418ms)
			LoadAssemblies (135ms)
			RebuildTransferFunctionScriptingTraits (0ms)
			SetupTypeCache (478ms)
			ReleaseScriptCaches (3ms)
			RebuildScriptCaches (71ms)
			SetupLoadedEditorAssemblies (640ms)
				LogAssemblyErrors (0ms)
				InitializePlatformSupportModulesInManaged (12ms)
				SetLoadedEditorAssemblies (1ms)
				RefreshPlugins (1ms)
				BeforeProcessingInitializeOnLoad (133ms)
				ProcessInitializeOnLoadAttributes (437ms)
				ProcessInitializeOnLoadMethodAttributes (36ms)
				AfterProcessingInitializeOnLoad (19ms)
				EditorAssembliesLoaded (0ms)
			ExecutionOrderSort2 (0ms)
			AwakeInstancesAfterBackupRestoration (13ms)
Platform modules already initialized, skipping
Refreshing native plugins compatible for Editor in 2.33 ms, found 3 plugins.
Preloading 0 native plugins for Editor in 0.00 ms.
Unloading 3043 Unused Serialized files (Serialized files now loaded: 0)
Unloading 15 unused Assets / (24.7 KB). Loaded Objects now: 3568.
Memory consumption went from 111.9 MB to 111.9 MB.
Total: 5.517400 ms (FindLiveObjects: 0.398200 ms CreateObjectMapping: 0.170000 ms MarkObjects: 4.914600 ms  DeleteObjects: 0.032400 ms)

AssetImportParameters requested are different than current active one (requested -> active):
  custom:video-decoder-ogg-theora: a1e56fd34408186e4bbccfd4996cb3dc -> 
  custom:container-muxer-webm: aa71ff27fc2769a1b78a27578f13a17b -> 
  custom:container-demuxer-webm: 4f35f7cbe854078d1ac9338744f61a02 -> 
  custom:video-encoder-webm-vp8: eb34c28f22e8b96e1ab97ce403110664 -> 
  custom:video-codec-MediaFoundation-h265: 746d11721c4dcdbdad8f713fa42b33f4 -> 
  custom:audio-encoder-webm-vorbis: bf7c407c2cedff20999df2af8eb42d56 -> 
  custom:framework-win-MediaFoundation: 216162199b28c13a410421893ffa2e32 -> 
  custom:container-demuxer-ogg: 62fdf1f143b41e24485cea50d1cbac27 -> 
  custom:video-decoder-webm-vp8: 9c59270c3fd7afecdb556c50c9e8de78 -> 
  custom:audio-decoder-ogg-vorbis: bf7c407c2cedff20999df2af8eb42d56 -> 
========================================================================
Received Import Request.
  Time since last request: 223.592626 seconds.
  path: Assets/Scenes/Hour17
  artifactKey: Guid(e833c7d647407a2489e5f6ee606ee685) Importer(815301076,1909f56bfc062723c751e8b465ee728b)
Start importing Assets/Scenes/Hour17 using Guid(e833c7d647407a2489e5f6ee606ee685) Importer(815301076,1909f56bfc062723c751e8b465ee728b)  -> (artifact id: 'a82561721a9d087d50abae0c21dfd1a8') in 0.039860 seconds 
========================================================================
Received Prepare
Registering precompiled user dll's ...
Registered in 0.009675 seconds.
Begin MonoManager ReloadAssembly
Symbol file LoadedFromMemory doesn't match image C:\Users\julia\OneDrive\Desktop\MULT150\JDennehy_Hour17\Library\PackageCache\com.unity.visualscripting@1.8.0\Editor\VisualScripting.Core\Dependencies\YamlDotNet\Unity.VisualScripting.YamlDotNet.dll
Symbol file LoadedFromMemory doesn't match image C:\Users\julia\OneDrive\Desktop\MULT150\JDennehy_Hour17\Library\PackageCache\com.unity.visualscripting@1.8.0\Editor\VisualScripting.Core\Dependencies\DotNetZip\Unity.VisualScripting.IonicZip.dll
Native extension for WindowsStandalone target not found
Refreshing native plugins compatible for Editor in 0.66 ms, found 3 plugins.
Preloading 0 native plugins for Editor in 0.00 ms.
Mono: successfully reloaded assembly
- Completed reload, in  1.478 seconds
Domain Reload Profiling:
	ReloadAssembly (1479ms)
		BeginReloadAssembly (184ms)
			ExecutionOrderSort (0ms)
			DisableScriptedObjects (8ms)
			BackupInstance (0ms)
			ReleaseScriptingObjects (0ms)
			CreateAndSetChildDomain (42ms)
		EndReloadAssembly (1136ms)
			LoadAssemblies (120ms)
			RebuildTransferFunctionScriptingTraits (0ms)
			SetupTypeCache (466ms)
			ReleaseScriptCaches (1ms)
			RebuildScriptCaches (50ms)
			SetupLoadedEditorAssemblies (438ms)
				LogAssemblyErrors (0ms)
				InitializePlatformSupportModulesInManaged (9ms)
				SetLoadedEditorAssemblies (1ms)
				RefreshPlugins (1ms)
				BeforeProcessingInitializeOnLoad (92ms)
				ProcessInitializeOnLoadAttributes (294ms)
				ProcessInitializeOnLoadMethodAttributes (31ms)
				AfterProcessingInitializeOnLoad (10ms)
				EditorAssembliesLoaded (0ms)
			ExecutionOrderSort2 (0ms)
			AwakeInstancesAfterBackupRestoration (11ms)
Platform modules already initialized, skipping
Refreshing native plugins compatible for Editor in 7.28 ms, found 3 plugins.
Preloading 0 native plugins for Editor in 0.00 ms.
Unloading 3043 Unused Serialized files (Serialized files now loaded: 0)
Unloading 15 unused Assets / (24.6 KB). Loaded Objects now: 3571.
Memory consumption went from 111.9 MB to 111.9 MB.
Total: 4.679800 ms (FindLiveObjects: 0.380800 ms CreateObjectMapping: 0.233800 ms MarkObjects: 4.011800 ms  DeleteObjects: 0.051100 ms)

AssetImportParameters requested are different than current active one (requested -> active):
  custom:video-decoder-ogg-theora: a1e56fd34408186e4bbccfd4996cb3dc -> 
  custom:container-muxer-webm: aa71ff27fc2769a1b78a27578f13a17b -> 
  custom:container-demuxer-webm: 4f35f7cbe854078d1ac9338744f61a02 -> 
  custom:video-encoder-webm-vp8: eb34c28f22e8b96e1ab97ce403110664 -> 
  custom:video-codec-MediaFoundation-h265: 746d11721c4dcdbdad8f713fa42b33f4 -> 
  custom:audio-encoder-webm-vorbis: bf7c407c2cedff20999df2af8eb42d56 -> 
  custom:framework-win-MediaFoundation: 216162199b28c13a410421893ffa2e32 -> 
  custom:container-demuxer-ogg: 62fdf1f143b41e24485cea50d1cbac27 -> 
  custom:video-decoder-webm-vp8: 9c59270c3fd7afecdb556c50c9e8de78 -> 
  custom:audio-decoder-ogg-vorbis: bf7c407c2cedff20999df2af8eb42d56 -> 
========================================================================
Received Import Request.
  Time since last request: 22.293490 seconds.
  path: Assets/Scenes/TryItYourSelf.unity
  artifactKey: Guid(3b8e6084681a66d449581d278ae00af4) Importer(815301076,1909f56bfc062723c751e8b465ee728b)
Start importing Assets/Scenes/TryItYourSelf.unity using Guid(3b8e6084681a66d449581d278ae00af4) Importer(815301076,1909f56bfc062723c751e8b465ee728b)  -> (artifact id: '383148d3a02a2809f2b8e729e8b7be27') in 0.027204 seconds 
========================================================================
Received Import Request.
  Time since last request: 4.400072 seconds.
  path: Assets/Scenes/SampleScene.unity
  artifactKey: Guid(9fc0d4010bbf28b4594072e72b8655ab) Importer(815301076,1909f56bfc062723c751e8b465ee728b)
Start importing Assets/Scenes/SampleScene.unity using Guid(9fc0d4010bbf28b4594072e72b8655ab) Importer(815301076,1909f56bfc062723c751e8b465ee728b)  -> (artifact id: 'e55ccaa32d8e5c1de03c07a5412c8c3c') in 0.028144 seconds 
========================================================================
Received Import Request.
  Time since last request: 20.516680 seconds.
  path: Assets/Scenes/Hour17/TryItYourSelf.unity
  artifactKey: Guid(3b8e6084681a66d449581d278ae00af4) Importer(815301076,1909f56bfc062723c751e8b465ee728b)
Start importing Assets/Scenes/Hour17/TryItYourSelf.unity using Guid(3b8e6084681a66d449581d278ae00af4) Importer(815301076,1909f56bfc062723c751e8b465ee728b)  -> (artifact id: 'e7abc62ad3e13e012781ee3e3f33938f') in 0.009435 seconds 
========================================================================
Received Import Request.
  Time since last request: 39.176965 seconds.
  path: Assets/Scenes/Hour17/JDennehy_Hour17.unity
  artifactKey: Guid(3b8e6084681a66d449581d278ae00af4) Importer(815301076,1909f56bfc062723c751e8b465ee728b)
Start importing Assets/Scenes/Hour17/JDennehy_Hour17.unity using Guid(3b8e6084681a66d449581d278ae00af4) Importer(815301076,1909f56bfc062723c751e8b465ee728b)  -> (artifact id: '7c32e5a06b606634c622f1f2cc74c177') in 0.050240 seconds 
========================================================================
Received Import Request.
  Time since last request: 35.662425 seconds.
  path: Assets/Scenes/Hour18
  artifactKey: Guid(db98e342baced984ab864de819037b93) Importer(815301076,1909f56bfc062723c751e8b465ee728b)
Start importing Assets/Scenes/Hour18 using Guid(db98e342baced984ab864de819037b93) Importer(815301076,1909f56bfc062723c751e8b465ee728b)  -> (artifact id: '4fcb4eac18bf74fd9d156c7b7bcbed2d') in 0.032847 seconds 
========================================================================
Received Import Request.
  Time since last request: 138.959295 seconds.
  path: Assets/Scenes/Sword.prefab
  artifactKey: Guid(94c665f6dace02244aa22c10158d9a62) Importer(815301076,1909f56bfc062723c751e8b465ee728b)
Start importing Assets/Scenes/Sword.prefab using Guid(94c665f6dace02244aa22c10158d9a62) Importer(815301076,1909f56bfc062723c751e8b465ee728b)  -> (artifact id: '156ca72d2c7e6fb031f04c46bc8e24b5') in 0.157799 seconds 
========================================================================
Received Import Request.
  Time since last request: 30.212554 seconds.
  path: Assets/Scenes/Hour18/New Scene.unity
  artifactKey: Guid(401aea02cbab4364fb6a91d569a56b78) Importer(815301076,1909f56bfc062723c751e8b465ee728b)
Start importing Assets/Scenes/Hour18/New Scene.unity using Guid(401aea02cbab4364fb6a91d569a56b78) Importer(815301076,1909f56bfc062723c751e8b465ee728b)  -> (artifact id: 'e1fcffde27b332b8f941bbf60be64bfe') in 0.029281 seconds 
========================================================================
Received Import Request.
  Time since last request: 7.753539 seconds.
  path: Assets/Scenes/Hour18/JDennehy_Animation.unity
  artifactKey: Guid(401aea02cbab4364fb6a91d569a56b78) Importer(815301076,1909f56bfc062723c751e8b465ee728b)
Start importing Assets/Scenes/Hour18/JDennehy_Animation.unity using Guid(401aea02cbab4364fb6a91d569a56b78) Importer(815301076,1909f56bfc062723c751e8b465ee728b)  -> (artifact id: 'e197768dfb37882ebf550670ee6d5916') in 0.025248 seconds 
========================================================================
Received Import Request.
  Time since last request: 14.144144 seconds.
  path: Assets/Scenes/Hour18/Dark Gold.mat
  artifactKey: Guid(8d800b8a37faf5642a5a81ef41e63905) Importer(815301076,1909f56bfc062723c751e8b465ee728b)
Start importing Assets/Scenes/Hour18/Dark Gold.mat using Guid(8d800b8a37faf5642a5a81ef41e63905) Importer(815301076,1909f56bfc062723c751e8b465ee728b)  -> (artifact id: '149e593399b694f88b434f2922b94207') in 0.139395 seconds 
========================================================================
Received Import Request.
  Time since last request: 0.000048 seconds.
  path: Assets/Scenes/Hour18/Sword.prefab
  artifactKey: Guid(0ee3e37e6d6af2e4da2a995cf590fb3f) Importer(815301076,1909f56bfc062723c751e8b465ee728b)
Start importing Assets/Scenes/Hour18/Sword.prefab using Guid(0ee3e37e6d6af2e4da2a995cf590fb3f) Importer(815301076,1909f56bfc062723c751e8b465ee728b)  -> (artifact id: 'e30c1a7a8a45e120642aec7b7d76a75a') in 0.022051 seconds 
========================================================================
Received Import Request.
  Time since last request: 0.000070 seconds.
  path: Assets/Scenes/Hour18/Grey.mat
  artifactKey: Guid(cf82e9bd3ed89ff46bc5213098049047) Importer(815301076,1909f56bfc062723c751e8b465ee728b)
Start importing Assets/Scenes/Hour18/Grey.mat using Guid(cf82e9bd3ed89ff46bc5213098049047) Importer(815301076,1909f56bfc062723c751e8b465ee728b)  -> (artifact id: '95591ba7bab01af0d0610ce9624fb0af') in 0.041728 seconds 
========================================================================
Received Import Request.
  Time since last request: 13.596113 seconds.
  path: Assets/Scenes/Hour18/Sword.prefab
  artifactKey: Guid(0ee3e37e6d6af2e4da2a995cf590fb3f) Importer(815301076,1909f56bfc062723c751e8b465ee728b)
Start importing Assets/Scenes/Hour18/Sword.prefab using Guid(0ee3e37e6d6af2e4da2a995cf590fb3f) Importer(815301076,1909f56bfc062723c751e8b465ee728b)  -> (artifact id: '475cc5e3551a3095fd528f5c1334bc1e') in 0.042738 seconds 
========================================================================
Received Import Request.
  Time since last request: 3.002611 seconds.
  path: Assets/Scenes/Hour18/Sword.prefab
  artifactKey: Guid(0ee3e37e6d6af2e4da2a995cf590fb3f) Importer(815301076,1909f56bfc062723c751e8b465ee728b)
Start importing Assets/Scenes/Hour18/Sword.prefab using Guid(0ee3e37e6d6af2e4da2a995cf590fb3f) Importer(815301076,1909f56bfc062723c751e8b465ee728b)  -> (artifact id: '9b5e26c4221c95bb7ccb63064bf86ec9') in 0.028767 seconds 
========================================================================
Received Import Request.
  Time since last request: 5.507718 seconds.
  path: Assets/Scenes/Hour18/Sword.prefab
  artifactKey: Guid(0ee3e37e6d6af2e4da2a995cf590fb3f) Importer(815301076,1909f56bfc062723c751e8b465ee728b)
Start importing Assets/Scenes/Hour18/Sword.prefab using Guid(0ee3e37e6d6af2e4da2a995cf590fb3f) Importer(815301076,1909f56bfc062723c751e8b465ee728b)  -> (artifact id: '22582353989442085fef34415d92c9a7') in 0.037868 seconds 
========================================================================
Received Import Request.
  Time since last request: 5.771623 seconds.
  path: Assets/Scenes/Hour18/Sword.prefab
  artifactKey: Guid(0ee3e37e6d6af2e4da2a995cf590fb3f) Importer(815301076,1909f56bfc062723c751e8b465ee728b)
Start importing Assets/Scenes/Hour18/Sword.prefab using Guid(0ee3e37e6d6af2e4da2a995cf590fb3f) Importer(815301076,1909f56bfc062723c751e8b465ee728b)  -> (artifact id: 'e9ac079dd1ce2e924a23072e60aa5b88') in 0.035871 seconds 
========================================================================
Received Import Request.
  Time since last request: 3.180357 seconds.
  path: Assets/Scenes/Hour18/Sword.prefab
  artifactKey: Guid(0ee3e37e6d6af2e4da2a995cf590fb3f) Importer(815301076,1909f56bfc062723c751e8b465ee728b)
Start importing Assets/Scenes/Hour18/Sword.prefab using Guid(0ee3e37e6d6af2e4da2a995cf590fb3f) Importer(815301076,1909f56bfc062723c751e8b465ee728b)  -> (artifact id: 'bbe40c8a7d86e2d6d2337494a7a8d7db') in 0.039523 seconds 
========================================================================
Received Import Request.
  Time since last request: 606.738150 seconds.
  path: Assets/Scenes/Hour18/Materials
  artifactKey: Guid(9082916d282caa74a88e59510096232a) Importer(815301076,1909f56bfc062723c751e8b465ee728b)
Start importing Assets/Scenes/Hour18/Materials using Guid(9082916d282caa74a88e59510096232a) Importer(815301076,1909f56bfc062723c751e8b465ee728b)  -> (artifact id: 'a82129ecf592e9319813de0d73071985') in 0.042673 seconds 
========================================================================
Received Import Request.
  Time since last request: 0.031038 seconds.
  path: Assets/Scenes/Hour18/Materials/Dark Gold.mat
  artifactKey: Guid(d7cb5cd768a67f04f8f2ad15fac189ed) Importer(815301076,1909f56bfc062723c751e8b465ee728b)
Start importing Assets/Scenes/Hour18/Materials/Dark Gold.mat using Guid(d7cb5cd768a67f04f8f2ad15fac189ed) Importer(815301076,1909f56bfc062723c751e8b465ee728b)  -> (artifact id: '2f133cd961489cd7b22c452f7b386334') in 0.047285 seconds 
========================================================================
Received Import Request.
  Time since last request: 0.000054 seconds.
  path: Assets/Scenes/Hour18/Materials/Grey.mat
  artifactKey: Guid(8cf4f90f4ee0f14418aef0dc266cea92) Importer(815301076,1909f56bfc062723c751e8b465ee728b)
Start importing Assets/Scenes/Hour18/Materials/Grey.mat using Guid(8cf4f90f4ee0f14418aef0dc266cea92) Importer(815301076,1909f56bfc062723c751e8b465ee728b)  -> (artifact id: 'be0b638bbb29d9aaf199a2ba0879233f') in 0.059385 seconds 
